<?xml version="1.0" encoding="UTF-8"?>
<!-- Generated by org.testng.reporters.JUnitXMLReporter -->
<testsuite ignored="0" hostname="Prabhus-MBP" failures="0" tests="3" name="Default test" time="106.381" errors="0" timestamp="2023-05-24T09:42:05 IST">
  <testcase classname="test.Scripts" name="testCase_e2eFlow" time="22.19"/>
  <testcase classname="test.Scripts" name="testCase_e2eFlow2" time="28.881"/>
  <testcase classname="test.Scripts" name="testCase_tooltipValidation" time="14.695"/>
</testsuite> <!-- Default test -->
